<?xml version="1.0" encoding="UTF-8"?>
<!-- Generated by org.testng.reporters.JUnitReportReporter -->
<testsuite hostname="WS-027-61" failures="0" tests="1" name="test.java.PositiveLogin" time="4.808" errors="0" timestamp="29 May 2018 15:52:24 GMT" skipped="0">
  <testcase classname="test.java.PositiveLogin" name="Login" time="4.808"/>
</testsuite> <!-- test.java.PositiveLogin -->
