<?xml version="1.0" encoding="UTF-8"?>
<!-- Generated by org.testng.reporters.JUnitReportReporter -->
<testsuite hostname="WS-027-61" failures="0" tests="1" name="test.java.TestFunctionalityOfSearch_TC1" time="8.410" errors="0" timestamp="29 May 2018 15:00:33 GMT" skipped="0">
  <testcase classname="test.java.TestFunctionalityOfSearch_TC1" name="TestUserCanGetExpectedResultOfSearch" time="8.410"/>
</testsuite> <!-- test.java.TestFunctionalityOfSearch_TC1 -->
