<?xml version="1.0" encoding="UTF-8"?>
<!-- Generated by org.testng.reporters.JUnitReportReporter -->
<testsuite hostname="WS-027-61" failures="0" tests="1" name="test.java.PositiveLoginTC1" time="3.038" errors="0" timestamp="29 May 2018 16:03:20 GMT" skipped="0">
  <testcase classname="test.java.PositiveLoginTC1" name="PositiveLogin" time="3.038"/>
</testsuite> <!-- test.java.PositiveLoginTC1 -->
