<?xml version="1.0" encoding="UTF-8"?>
<!-- Generated by org.testng.reporters.JUnitReportReporter -->
<testsuite hostname="WS-027-61" failures="0" tests="1" name="test.java.NegativeLoginTC2" time="2.901" errors="0" timestamp="30 May 2018 16:01:16 GMT" skipped="0">
  <testcase classname="test.java.NegativeLoginTC2" name="NegativeLogin" time="2.901"/>
</testsuite> <!-- test.java.NegativeLoginTC2 -->
