<?xml version="1.0" encoding="UTF-8"?>
<!-- Generated by org.testng.reporters.JUnitReportReporter -->
<testsuite hostname="WS-027-61" failures="0" tests="1" name="test.java.DeleteCookiesAfterLoginTC3" time="4.075" errors="0" timestamp="29 May 2018 16:18:27 GMT" skipped="0">
  <testcase classname="test.java.DeleteCookiesAfterLoginTC3" name="DeleteCookiesAfterLogin" time="4.075"/>
</testsuite> <!-- test.java.DeleteCookiesAfterLoginTC3 -->
