<?xml version="1.0" encoding="UTF-8"?>
<!-- Generated by org.testng.reporters.JUnitReportReporter -->
<testsuite hostname="WS-027-61" failures="0" tests="1" name="test.java.NegativeLogin" time="2.673" errors="0" timestamp="29 May 2018 16:01:53 GMT" skipped="0">
  <testcase classname="test.java.NegativeLogin" name="Login" time="2.673"/>
</testsuite> <!-- test.java.NegativeLogin -->
